
2024-05-14 13:48:43,023 :: DEBUG
Reading national leftovers from https://docs.google.com/spreadsheets/d/1SHkdgBo4KEdVYnG3IYzQDIwwK3CnaCVZf8KZ6JFa5t4/export?format=csv&gid=0

2024-05-14 13:48:43,708 :: DEBUG
['Вінницька' 'Волинська' 'Дніпропетровська' 'Донецька' 'Житомирська'
 'Закарпатська' 'Івано-Франківська' 'Київська' 'Кіровоградська' 'м. Київ'
 'Львівська' 'Миколаївська' 'Одеська' 'Сумська' 'Полтавська' 'Рівненська'
 'Тернопільська' 'Харківська' 'Херсонська' 'Хмельницька' 'Черкаська'
 'Чернігівська' 'Чернівецька' 'Запорізька' 'Україна']

2024-05-14 13:48:43,920 :: DEBUG
                         ІПВ  АДП     АДП-М  АКДП  БЦЖ     ГепВ      КПК  ОПВ  Пента  Сказ       ХІБ  КПК (поставки)  ОПВ (поставки)  Сказ (поставки)
Термін придатності                                                                                                                                   
2024-05-21               0.0  0.0       0.0   0.0  0.0      0.0      0.0  0.0    0.0   0.0      74.0             0.0             0.0              0.0
2024-05-25               0.0  0.0       0.0   0.0  0.0      0.0     29.0  0.0    0.0   0.0       0.0             0.0             0.0              0.0
2024-05-26               0.0  0.0       0.0   0.0  0.0      0.0  52578.0  0.0    0.0   0.0       0.0             0.0             0.0              0.0
2024-05-31               0.0  0.0       0.0   0.0  0.0      0.0      0.0  0.0    0.0   0.0   19019.0             0.0             0.0              0.0
2024-06-01               0.0  0.0       0.0   0.0  0.0      0.0      0.0  0.0    0.0   0.0       0.0        210586.0             0.0              0.0
...                      ...  ...       ...   ...  ...      ...      ...  ...    ...   ...       ...             ...             ...              ...
2026-06-30          250500.0  0.0       0.0   0.0  0.0      0.0      0.0  0.0    0.0   0.0       0.0             0.0             0.0              0.0
2026-08-31               0.0  0.0  160031.0   0.0  0.0      0.0      0.0  0.0    0.0   0.0       0.0             0.0             0.0              0.0
2026-09-25               0.0  0.0       0.0   0.0  0.0  59940.0      0.0  0.0    0.0   0.0       0.0             0.0             0.0              0.0
2026-09-30               0.0  0.0  683243.0   0.0  0.0      0.0      0.0  0.0    0.0   0.0       0.0             0.0             0.0              0.0
2026-10-30               0.0  0.0       0.0   0.0  0.0      0.0      0.0  0.0    0.0   0.0  267000.0             0.0             0.0              0.0

[64 rows x 14 columns]

2024-05-14 13:48:43,948 :: DEBUG
{'Україна':                          ІПВ  АДП     АДП-М  АКДП  БЦЖ     ГепВ      КПК  ОПВ  Пента  Сказ       ХІБ  КПК (поставки)  ОПВ (поставки)  Сказ (поставки)
Термін придатності                                                                                                                                   
2024-05-21               0.0  0.0       0.0   0.0  0.0      0.0      0.0  0.0    0.0   0.0      74.0             0.0             0.0              0.0
2024-05-25               0.0  0.0       0.0   0.0  0.0      0.0     29.0  0.0    0.0   0.0       0.0             0.0             0.0              0.0
2024-05-26               0.0  0.0       0.0   0.0  0.0      0.0  52578.0  0.0    0.0   0.0       0.0             0.0             0.0              0.0
2024-05-31               0.0  0.0       0.0   0.0  0.0      0.0      0.0  0.0    0.0   0.0   19019.0             0.0             0.0              0.0
2024-06-01               0.0  0.0       0.0   0.0  0.0      0.0      0.0  0.0    0.0   0.0       0.0             0.0             0.0              0.0
...                      ...  ...       ...   ...  ...      ...      ...  ...    ...   ...       ...             ...             ...              ...
2026-06-30          250500.0  0.0       0.0   0.0  0.0      0.0      0.0  0.0    0.0   0.0       0.0             0.0             0.0              0.0
2026-08-31               0.0  0.0  160031.0   0.0  0.0      0.0      0.0  0.0    0.0   0.0       0.0             0.0             0.0              0.0
2026-09-25               0.0  0.0       0.0   0.0  0.0  59940.0      0.0  0.0    0.0   0.0       0.0             0.0             0.0              0.0
2026-09-30               0.0  0.0  683243.0   0.0  0.0      0.0      0.0  0.0    0.0   0.0       0.0             0.0             0.0              0.0
2026-10-30               0.0  0.0       0.0   0.0  0.0      0.0      0.0  0.0    0.0   0.0  267000.0             0.0             0.0              0.0

[64 rows x 14 columns]}

2024-05-14 13:48:44,512 :: DEBUG
                 ІПВ       АДП     АДП-М      АКДП       БЦЖ      ГепВ       КПК       ОПВ     Пента     Сказ       ХІБ
2024-05-10  491864.0  231602.0  966786.0  925838.0  578286.0  449427.0  315420.0  114265.0  128022.0  42313.0  307294.0
2024-05-12  491864.0  231602.0  966786.0  925838.0  578286.0  449427.0  315420.0  114265.0  128022.0  42313.0  307294.0
2024-05-19  491864.0  231602.0  966786.0  925838.0  578286.0  449427.0  315420.0  114265.0  128022.0  42313.0  307294.0
2024-05-21  491864.0  231602.0  966786.0  925838.0  578286.0  449427.0  315420.0  114265.0  128022.0  42313.0  307220.0
2024-05-25  491864.0  231602.0  966786.0  925838.0  578286.0  449427.0  315391.0  114265.0  128022.0  42313.0  307220.0
...              ...       ...       ...       ...       ...       ...       ...       ...       ...      ...       ...
2026-10-11       0.0       0.0       0.0       0.0       0.0       0.0  134695.0       0.0       0.0      0.0  267000.0
2026-10-18       0.0       0.0       0.0       0.0       0.0       0.0  134695.0       0.0       0.0      0.0  267000.0
2026-10-25       0.0       0.0       0.0       0.0       0.0       0.0  134695.0       0.0       0.0      0.0  267000.0
2026-10-30       0.0       0.0       0.0       0.0       0.0       0.0  134695.0       0.0       0.0      0.0       0.0
2026-11-01       0.0       0.0       0.0       0.0       0.0       0.0  134695.0       0.0       0.0      0.0       0.0

[188 rows x 11 columns]

2024-05-14 13:48:44,521 :: DEBUG
{'Україна':                  ІПВ       АДП     АДП-М      АКДП       БЦЖ      ГепВ       КПК       ОПВ     Пента     Сказ       ХІБ  КПК (поставки)  ОПВ (поставки)  Сказ (поставки)
2024-05-10  491864.0  231602.0  966786.0  925838.0  578286.0  449427.0  315420.0  114265.0  128022.0  42313.0  307294.0             NaN             NaN              NaN
2024-05-12  491864.0  231602.0  966786.0  925838.0  578286.0  449427.0  315420.0  114265.0  128022.0  42313.0  307294.0             NaN             NaN              NaN
2024-05-19  491864.0  231602.0  966786.0  925838.0  578286.0  449427.0  315420.0  114265.0  128022.0  42313.0  307294.0             NaN             NaN              NaN
2024-05-21  491864.0  231602.0  966786.0  925838.0  578286.0  449427.0  315420.0  114265.0  128022.0  42313.0  307220.0             NaN             NaN              NaN
2024-05-25  491864.0  231602.0  966786.0  925838.0  578286.0  449427.0  315391.0  114265.0  128022.0  42313.0  307220.0             NaN             NaN              NaN
...              ...       ...       ...       ...       ...       ...       ...       ...       ...      ...       ...             ...             ...              ...
2026-10-11       0.0       0.0       0.0       0.0       0.0       0.0       0.0       0.0       0.0      0.0  267000.0             NaN             NaN              NaN
2026-10-18       0.0       0.0       0.0       0.0       0.0       0.0       0.0       0.0       0.0      0.0  267000.0             NaN             NaN              NaN
2026-10-25       0.0       0.0       0.0       0.0       0.0       0.0       0.0       0.0       0.0      0.0  267000.0             NaN             NaN              NaN
2026-10-30       0.0       0.0       0.0       0.0       0.0       0.0       0.0       0.0       0.0      0.0       0.0             NaN             NaN              NaN
2026-11-01       0.0       0.0       0.0       0.0       0.0       0.0       0.0       0.0       0.0      0.0       0.0             NaN             NaN              NaN

[188 rows x 14 columns]}

2024-05-14 13:48:48,061 :: DEBUG
               ІПВ     АДП   АДП-М    АКДП     БЦЖ    ГепВ     КПК     ОПВ   Пента   Сказ     ХІБ
2024-05-10  491864  231602  966786  925838  578286  449427  315420  114265  128022  42313  307294
2024-05-12  490007  230078  958904  923779  575843  447798  312119  108760  126629  41783  306341
2024-05-19  483511  224748  931317  916573  567296  442097  300566   89493  121754  39932  303006
2024-05-21  481655  223225  923435  914514  564854  440468  297265   83988  120361  39402  302053
2024-05-25  477943  220179  907671  910396  559970  437210  290663   72978  117576  38344  300148
...            ...     ...     ...     ...     ...     ...     ...     ...     ...    ...     ...
2026-01-04       0       0       0       0       0       0       0       0       0      0   10466
2026-01-11       0       0       0       0       0       0       0       0       0      0    7131
2026-01-18       0       0       0       0       0       0       0       0       0      0    3796
2026-01-25       0       0       0       0       0       0       0       0       0      0     461
2026-01-30       0       0       0       0       0       0       0       0       0      0       0

[130 rows x 11 columns]

2024-05-14 13:48:48,267 :: DEBUG
               ІПВ     АДП   АДП-М    АКДП     БЦЖ    ГепВ     КПК     ОПВ   Пента   Сказ     ХІБ
2024-05-10  491864  231602  966786  925838  578286  449427  315420  114265  128022  42313  307294
2024-05-12  490007  230078  958904  923779  575843  447798  312119  108760  126629  41783  306341
2024-05-19  483511  224748  931317  916573  567296  442097  300566   89493  121754  39932  303006
2024-05-21  481655  223225  923435  914514  564854  440468  297265   83988  120361  39402  302053
2024-05-25  477943  220179  907671  910396  559970  437210  290663   72978  117576  38344  300148
...            ...     ...     ...     ...     ...     ...     ...     ...     ...    ...     ...
2026-01-04       0       0       0       0       0       0       0       0       0      0   10466
2026-01-11       0       0       0       0       0       0       0       0       0      0    7131
2026-01-18       0       0       0       0       0       0       0       0       0      0    3796
2026-01-25       0       0       0       0       0       0       0       0       0      0     461
2026-01-30       0       0       0       0       0       0       0       0       0      0       0

[130 rows x 11 columns]

2024-05-14 13:48:48,303 :: DEBUG
Reading national leftovers from https://docs.google.com/spreadsheets/d/1SHkdgBo4KEdVYnG3IYzQDIwwK3CnaCVZf8KZ6JFa5t4/export?format=csv&gid=0
